=== Hydraw DAW log started at 2026-06-14_02-05-32 ===
[02:05:32.907] [SYS] === Hydraw DAW starting ===
[02:05:33.56] [SYS] Audio engine initialized and started
[02:05:33.171] [SYS] Native drop interceptor registered
[02:05:33.171] [SYS] All 26 native bindings registered
[02:05:33.174] [SYS] Navigated to /home/jp/Escritorio/Proyectos/DAW/assets/index.html
[02:05:33.174] [SYS] Entering webview main loop
[02:05:33.201] [DBG] uiUpdateLoop: waiting for pageReady...
[02:05:33.259] [DND] decide-policy NAVIGATION for URI: file:///home/jp/Escritorio/Proyectos/DAW/assets/index.html
[02:05:33.390] [SYS] pageReady signal received
[02:05:33.841] [DIR] getCwd -> /home/jp/Escritorio/Proyectos/DAW
[02:05:33.907] [INFO] [SYS] Hydraw DAW UI loaded; waiting for native telemetry...
[02:05:33.907] [INFO] [LOOP] First telemetry received — rendering tracks & mixer
[02:05:33.907] [DEBUG] [UI] renderTrackList: 1 tracks
[02:05:33.907] [DEBUG] [UI] renderMixerChannels: 1 channels
[02:05:33.907] [INFO] [LOOP] Initializing browser...
[02:05:33.907] [INFO] [BROWSER] initBrowser: getting CWD...
[02:05:33.907] [DEBUG] [BRIDGE] nativeGetCwd()
[02:05:33.907] [DEBUG] [BRIDGE] nativeGetCwd resolved: \"/home/jp/Escritorio/Proyectos/DAW\"
[02:05:33.907] [INFO] [BROWSER] CWD = \"/home/jp/Escritorio/Proyectos/DAW\" (type=string)
[02:05:33.907] [INFO] [BROWSER] Loading directory: /home/jp/Escritorio/Proyectos/DAW
[02:05:33.907] [DIR] listDir '/home/jp/Escritorio/Proyectos/DAW' -> 20 entries
[02:05:34.386] [DEBUG] [BRIDGE] nativeListDir(/home/jp/Escritorio/Proyectos/DAW)
[02:05:34.386] [DEBUG] [BRIDGE] nativeListDir resolved: [{\"name\":\"contrib\";\"dir\":true;\"ext\":\"\"};{\"name\":\"extern\";\"dir\":true;\"ext\":\"\"};{\"name\":\"src\";\"dir\":true;\"ext\":\"\"};{\"name\"
[02:05:34.386] [INFO] [BROWSER] Loaded 20 entries from /home/jp/Escritorio/Proyectos/DAW
[02:05:37.320] [WAV] loadWav track=0 path=/home/jp/Escritorio/Proyectos/DAW/La Pantera - ONDE MI (Vídeo Oficial).mp3
[02:05:37.644] [WAV] loadWav OK track=0
[02:05:37.644] [WAV] peak diag: buf=yes frames=7843143 peaks=13071 empty=no pk0=0,000000
[02:05:37.644] [INFO] [BROWSER] Loading audio: /home/jp/Escritorio/Proyectos/DAW/La Pantera - ONDE MI (Vídeo Oficial).mp3
[02:05:37.644] [DEBUG] [BRIDGE] nativeLoadWav(0;/home/jp/Escritorio/Proyectos/DAW/La Pantera - ONDE MI (Vídeo Oficial).mp3)
[02:05:37.652] [WAV] getPeakCache idx=0 returning 13071 peaks, first=0,000000
[02:05:38.335] [DEBUG] [BRIDGE] nativeLoadWav resolved: true
[02:05:38.335] [INFO] [BROWSER] Audio loaded OK on track 0
[02:05:38.335] [DEBUG] [BRIDGE] nativeGetAudioInfo(0)
[02:05:38.335] [DEBUG] [BRIDGE] nativeGetAudioInfo resolved: {\"hasAudio\":true;\"frames\":7843143;\"clipStart\":0}
[02:05:38.335] [DEBUG] [BRIDGE] nativeGetPeakCache(0)
[02:05:38.335] [DEBUG] [BRIDGE] nativeGetPeakCache resolved: [0;0;0.000794182;0.0308016;0.230943;0.262177;0.349235;0.605399;0.519587;0.361168;0.629649;0.574214;0.615964;0.522414;0.4
[02:05:38.335] [DEBUG] [UI] renderTrackList: 1 tracks
[02:05:38.335] [DEBUG] [UI] renderMixerChannels: 1 channels
[02:05:38.335] [DEBUG] [UI] renderAll complete
[02:05:38.335] [INFO] [TRANSPORT] nativePlay
[02:05:38.335] [AUDIO] play
[02:05:38.388] [DEBUG] [BRIDGE] nativePlay()
[02:05:38.388] [DEBUG] [BRIDGE] nativePlay resolved: null
[02:05:42.504] [AUDIO] pause
[02:05:43.83] [AUDIO] play
[02:05:43.416] [INFO] [TRANSPORT] nativePause
[02:05:43.416] [DEBUG] [BRIDGE] nativePause()
[02:05:43.416] [DEBUG] [BRIDGE] nativePause resolved: null
[02:05:43.416] [INFO] [TRANSPORT] nativePlay
[02:05:43.416] [DEBUG] [BRIDGE] nativePlay()
[02:05:43.416] [DEBUG] [BRIDGE] nativePlay resolved: null
[02:06:00.427] [PLUGIN] scanClap done
[02:06:00.491] [DEBUG] [BRIDGE] nativeScanClap(./plugins)
[02:06:00.491] [DEBUG] [BRIDGE] nativeScanClap resolved: [{\"path\":\"/usr/lib/clap/ZaMaximX2.clap\";\"id\":\"com.zamaudio.ZaMaximX2\";\"name\":\"ZaMaximX2\"};{\"path\":\"/usr/lib/clap/ZamDyna
[02:06:03.742] [PLUGIN] load track=0 lib=/usr/lib/clap/ZaMultiComp.clap id=com.zamaudio.ZaMultiComp
[02:06:03.743] [PLUGIN] load -> OK
[02:06:03.743] [PLUGIN] load -> OK
[02:06:04.509] [INFO] [PLUGIN] Loading plugin: com.zamaudio.ZaMultiComp from /usr/lib/clap/ZaMultiComp.clap
[02:06:04.509] [DEBUG] [BRIDGE] nativePluginLoad(0;/usr/lib/clap/ZaMultiComp.clap;com.zamaudio.ZaMultiComp)
[02:06:04.509] [DEBUG] [BRIDGE] nativePluginList(0)
[02:06:04.509] [DEBUG] [BRIDGE] nativePluginLoad resolved: true
[02:06:04.509] [DEBUG] [BRIDGE] nativePluginList resolved: [{\"name\":\"com.zamaudio.ZaMultiComp\";\"bypassed\":false}]
[02:06:11.616] [PLUGIN] GUI shown track 0 plugin 0
[02:06:12.543] [DEBUG] [BRIDGE] nativePluginShowGUI(0;0)
[02:06:12.543] [DEBUG] [BRIDGE] nativePluginShowGUI resolved: true
[02:06:19.15] [PLUGIN] GUI shown track 0 plugin 0
[02:06:19.575] [DEBUG] [BRIDGE] nativePluginShowGUI(0;0)
[02:06:19.575] [DEBUG] [BRIDGE] nativePluginShowGUI resolved: true
[02:06:23.294] [PLUGIN] GUI shown track 0 plugin 0
[02:06:23.591] [DEBUG] [BRIDGE] nativePluginShowGUI(0;0)
[02:06:23.591] [DEBUG] [BRIDGE] nativePluginShowGUI resolved: true
[02:06:27.963] [PLUGIN] scanClap done
[02:06:28.618] [DEBUG] [BRIDGE] nativeScanClap(./plugins)
[02:06:28.618] [DEBUG] [BRIDGE] nativeScanClap resolved: [{\"path\":\"/usr/lib/clap/ZaMaximX2.clap\";\"id\":\"com.zamaudio.ZaMaximX2\";\"name\":\"ZaMaximX2\"};{\"path\":\"/usr/lib/clap/ZamDyna
[02:06:47.152] [PLUGIN] load track=0 lib=/usr/lib/clap/ZamVerb.clap id=com.zamaudio.ZamVerb
[02:06:47.379] [PLUGIN] load -> OK
[02:06:47.379] [PLUGIN] load -> OK
[02:06:47.699] [INFO] [PLUGIN] Loading plugin: com.zamaudio.ZamVerb from /usr/lib/clap/ZamVerb.clap
[02:06:47.699] [DEBUG] [BRIDGE] nativePluginLoad(0;/usr/lib/clap/ZamVerb.clap;com.zamaudio.ZamVerb)
[02:06:47.699] [DEBUG] [BRIDGE] nativePluginList(0)
[02:06:47.699] [DEBUG] [BRIDGE] nativePluginLoad resolved: true
[02:06:47.699] [DEBUG] [BRIDGE] nativePluginList resolved: [{\"name\":\"com.zamaudio.ZaMultiComp\";\"bypassed\":false};{\"name\":\"com.zamaudio.ZamVerb\";\"bypassed\":false}]
[02:06:49.179] [PLUGIN] GUI shown track 0 plugin 1
[02:06:49.715] [DEBUG] [BRIDGE] nativePluginShowGUI(0;1)
[02:06:49.715] [DEBUG] [BRIDGE] nativePluginShowGUI resolved: true
[02:06:53.637] [PLUGIN] GUI shown track 0 plugin 0
[02:06:53.727] [DEBUG] [BRIDGE] nativePluginShowGUI(0;0)
[02:06:53.727] [DEBUG] [BRIDGE] nativePluginShowGUI resolved: true
[02:07:07.111] [MIX] setVolume track=0 val=1,020000
[02:07:07.126] [MIX] setVolume track=0 val=1,060000
[02:07:07.142] [MIX] setVolume track=0 val=1,090000
[02:07:07.159] [DEBUG] [MIX] Fader 0 = 1.02
[02:07:07.160] [DEBUG] [BRIDGE] nativeSetVolume(0;1.02)
[02:07:07.160] [DEBUG] [BRIDGE] nativeSetVolume resolved: null
[02:07:07.160] [DEBUG] [MIX] Fader 0 = 1.06
[02:07:07.160] [DEBUG] [BRIDGE] nativeSetVolume(0;1.06)
[02:07:07.160] [DEBUG] [BRIDGE] nativeSetVolume resolved: null
[02:07:07.160] [DEBUG] [MIX] Fader 0 = 1.09
[02:07:07.160] [DEBUG] [BRIDGE] nativeSetVolume(0;1.09)
[02:07:07.160] [DEBUG] [BRIDGE] nativeSetVolume resolved: null
[02:07:07.160] [DEBUG] [MIX] Fader 0 = 1.14
[02:07:07.160] [MIX] setVolume track=0 val=1,140000
[02:07:07.176] [MIX] setVolume track=0 val=1,190000
[02:07:07.192] [MIX] setVolume track=0 val=1,240000
[02:07:07.210] [DEBUG] [BRIDGE] nativeSetVolume(0;1.14)
[02:07:07.210] [DEBUG] [BRIDGE] nativeSetVolume resolved: null
[02:07:07.210] [DEBUG] [MIX] Fader 0 = 1.19
[02:07:07.210] [DEBUG] [BRIDGE] nativeSetVolume(0;1.19)
[02:07:07.210] [DEBUG] [BRIDGE] nativeSetVolume resolved: null
[02:07:07.210] [DEBUG] [MIX] Fader 0 = 1.24
[02:07:07.210] [DEBUG] [BRIDGE] nativeSetVolume(0;1.24)
[02:07:07.210] [DEBUG] [BRIDGE] nativeSetVolume resolved: null
[02:07:07.210] [DEBUG] [MIX] Fader 0 = 1.3
[02:07:07.210] [DEBUG] [BRIDGE] nativeSetVolume(0;1.3)
[02:07:07.210] [MIX] setVolume track=0 val=1,300000
[02:07:07.227] [MIX] setVolume track=0 val=1,340000
[02:07:07.242] [MIX] setVolume track=0 val=1,390000
[02:07:07.261] [MIX] setVolume track=0 val=1,400000
[02:07:07.263] [DEBUG] [BRIDGE] nativeSetVolume resolved: null
[02:07:07.263] [DEBUG] [MIX] Fader 0 = 1.34
[02:07:07.263] [DEBUG] [BRIDGE] nativeSetVolume(0;1.34)
[02:07:07.263] [DEBUG] [BRIDGE] nativeSetVolume resolved: null
[02:07:07.263] [DEBUG] [MIX] Fader 0 = 1.39
[02:07:07.263] [DEBUG] [BRIDGE] nativeSetVolume(0;1.39)
[02:07:07.263] [DEBUG] [BRIDGE] nativeSetVolume resolved: null
[02:07:07.263] [DEBUG] [MIX] Fader 0 = 1.4
[02:07:07.263] [DEBUG] [BRIDGE] nativeSetVolume(0;1.4)
[02:07:07.263] [DEBUG] [BRIDGE] nativeSetVolume resolved: null
[02:07:07.276] [MIX] setVolume track=0 val=1,410000
[02:07:07.792] [DEBUG] [MIX] Fader 0 = 1.41
[02:07:07.792] [DEBUG] [BRIDGE] nativeSetVolume(0;1.41)
[02:07:07.792] [DEBUG] [BRIDGE] nativeSetVolume resolved: null
[02:07:08.525] [MIX] setVolume track=0 val=1,430000
[02:07:08.543] [MIX] setVolume track=0 val=1,460000
[02:07:08.559] [MIX] setVolume track=0 val=1,500000
[02:07:08.798] [DEBUG] [MIX] Fader 0 = 1.43
[02:07:08.798] [DEBUG] [BRIDGE] nativeSetVolume(0;1.43)
[02:07:08.798] [DEBUG] [BRIDGE] nativeSetVolume resolved: null
[02:07:08.798] [DEBUG] [MIX] Fader 0 = 1.46
[02:07:08.798] [DEBUG] [BRIDGE] nativeSetVolume(0;1.46)
[02:07:08.798] [DEBUG] [BRIDGE] nativeSetVolume resolved: null
[02:07:08.798] [DEBUG] [MIX] Fader 0 = 1.5
[02:07:08.798] [DEBUG] [BRIDGE] nativeSetVolume(0;1.5)
[02:07:08.798] [DEBUG] [BRIDGE] nativeSetVolume resolved: null
[02:07:10.759] [MIX] setVolume track=0 val=1,430000
[02:07:10.777] [MIX] setVolume track=0 val=1,350000
[02:07:10.793] [MIX] setVolume track=0 val=1,280000
[02:07:10.803] [DEBUG] [MIX] Fader 0 = 1.43
[02:07:10.803] [DEBUG] [BRIDGE] nativeSetVolume(0;1.43)
[02:07:10.803] [DEBUG] [BRIDGE] nativeSetVolume resolved: null
[02:07:10.803] [DEBUG] [MIX] Fader 0 = 1.35
[02:07:10.803] [DEBUG] [BRIDGE] nativeSetVolume(0;1.35)
[02:07:10.803] [DEBUG] [BRIDGE] nativeSetVolume resolved: null
[02:07:10.803] [DEBUG] [MIX] Fader 0 = 1.28
[02:07:10.803] [DEBUG] [BRIDGE] nativeSetVolume(0;1.28)
[02:07:10.803] [DEBUG] [BRIDGE] nativeSetVolume resolved: null
[02:07:10.809] [MIX] setVolume track=0 val=1,160000
[02:07:10.827] [MIX] setVolume track=0 val=0,980000
[02:07:10.843] [MIX] setVolume track=0 val=0,700000
[02:07:10.860] [DEBUG] [MIX] Fader 0 = 1.16
[02:07:10.860] [DEBUG] [BRIDGE] nativeSetVolume(0;1.16)
[02:07:10.860] [DEBUG] [BRIDGE] nativeSetVolume resolved: null
[02:07:10.860] [DEBUG] [MIX] Fader 0 = 0.98
[02:07:10.860] [DEBUG] [BRIDGE] nativeSetVolume(0;0.98)
[02:07:10.860] [DEBUG] [BRIDGE] nativeSetVolume resolved: null
[02:07:10.860] [DEBUG] [MIX] Fader 0 = 0.7
[02:07:10.860] [DEBUG] [BRIDGE] nativeSetVolume(0;0.7)
[02:07:10.860] [DEBUG] [BRIDGE] nativeSetVolume resolved: null
[02:07:10.860] [DEBUG] [MIX] Fader 0 = 0.31
[02:07:10.860] [MIX] setVolume track=0 val=0,310000
[02:07:10.878] [MIX] setVolume track=0 val=0,000000
[02:07:11.758] [MIX] setVolume track=0 val=0,040000
[02:07:11.775] [DEBUG] [BRIDGE] nativeSetVolume(0;0.31)
[02:07:11.775] [DEBUG] [BRIDGE] nativeSetVolume resolved: null
[02:07:11.775] [DEBUG] [MIX] Fader 0 = 0
[02:07:11.775] [DEBUG] [BRIDGE] nativeSetVolume(0;0)
[02:07:11.775] [DEBUG] [BRIDGE] nativeSetVolume resolved: null
[02:07:11.775] [DEBUG] [MIX] Fader 0 = 0.04
[02:07:11.775] [DEBUG] [BRIDGE] nativeSetVolume(0;0.04)
[02:07:11.775] [DEBUG] [BRIDGE] nativeSetVolume resolved: null
[02:07:11.775] [DEBUG] [MIX] Fader 0 = 0.07
[02:07:11.775] [DEBUG] [BRIDGE] nativeSetVolume(0;0.07)
[02:07:11.775] [MIX] setVolume track=0 val=0,070000
[02:07:11.793] [MIX] setVolume track=0 val=0,110000
[02:07:11.810] [MIX] setVolume track=0 val=0,180000
[02:07:11.810] [DEBUG] [BRIDGE] nativeSetVolume resolved: null
[02:07:11.810] [DEBUG] [MIX] Fader 0 = 0.11
[02:07:11.810] [DEBUG] [BRIDGE] nativeSetVolume(0;0.11)
[02:07:11.810] [DEBUG] [BRIDGE] nativeSetVolume resolved: null
[02:07:11.810] [DEBUG] [MIX] Fader 0 = 0.18
[02:07:11.810] [DEBUG] [BRIDGE] nativeSetVolume(0;0.18)
[02:07:11.826] [MIX] setVolume track=0 val=0,320000
[02:07:11.844] [MIX] setVolume track=0 val=0,430000
[02:07:11.860] [MIX] setVolume track=0 val=0,570000
[02:07:11.860] [DEBUG] [BRIDGE] nativeSetVolume resolved: null
[02:07:11.860] [DEBUG] [MIX] Fader 0 = 0.32
[02:07:11.860] [DEBUG] [BRIDGE] nativeSetVolume(0;0.32)
[02:07:11.860] [DEBUG] [BRIDGE] nativeSetVolume resolved: null
[02:07:11.860] [DEBUG] [MIX] Fader 0 = 0.43
[02:07:11.860] [DEBUG] [BRIDGE] nativeSetVolume(0;0.43)
[02:07:11.860] [DEBUG] [BRIDGE] nativeSetVolume resolved: null
[02:07:11.860] [DEBUG] [MIX] Fader 0 = 0.57
[02:07:11.860] [DEBUG] [BRIDGE] nativeSetVolume(0;0.57)
[02:07:11.860] [DEBUG] [BRIDGE] nativeSetVolume resolved: null
[02:07:11.876] [MIX] setVolume track=0 val=0,700000
[02:07:11.892] [MIX] setVolume track=0 val=0,790000
[02:07:11.909] [MIX] setVolume track=0 val=0,850000
[02:07:11.926] [DEBUG] [MIX] Fader 0 = 0.7
[02:07:11.926] [DEBUG] [BRIDGE] nativeSetVolume(0;0.7)
[02:07:11.926] [DEBUG] [BRIDGE] nativeSetVolume resolved: null
[02:07:11.926] [DEBUG] [MIX] Fader 0 = 0.79
[02:07:11.926] [DEBUG] [BRIDGE] nativeSetVolume(0;0.79)
[02:07:11.926] [DEBUG] [BRIDGE] nativeSetVolume resolved: null
[02:07:11.926] [DEBUG] [MIX] Fader 0 = 0.85
[02:07:11.926] [DEBUG] [BRIDGE] nativeSetVolume(0;0.85)
[02:07:11.926] [DEBUG] [BRIDGE] nativeSetVolume resolved: null
[02:07:11.926] [DEBUG] [MIX] Fader 0 = 0.9
[02:07:11.926] [MIX] setVolume track=0 val=0,900000
[02:07:11.959] [MIX] setVolume track=0 val=0,910000
[02:07:11.976] [MIX] setVolume track=0 val=0,920000
[02:07:12.725] [DEBUG] [BRIDGE] nativeSetVolume(0;0.9)
[02:07:12.725] [DEBUG] [BRIDGE] nativeSetVolume resolved: null
[02:07:12.725] [DEBUG] [MIX] Fader 0 = 0.91
[02:07:12.725] [DEBUG] [BRIDGE] nativeSetVolume(0;0.91)
[02:07:12.725] [DEBUG] [BRIDGE] nativeSetVolume resolved: null
[02:07:12.725] [DEBUG] [MIX] Fader 0 = 0.92
[02:07:12.725] [DEBUG] [BRIDGE] nativeSetVolume(0;0.92)
[02:07:12.725] [DEBUG] [BRIDGE] nativeSetVolume resolved: null
[02:07:12.725] [DEBUG] [MIX] Fader 0 = 1
[02:07:12.725] [DEBUG] [BRIDGE] nativeSetVolume(0;1)
[02:07:12.725] [MIX] setVolume track=0 val=1,000000
[02:07:12.743] [MIX] setVolume track=0 val=1,060000
[02:07:12.759] [MIX] setVolume track=0 val=1,130000
[02:07:12.777] [MIX] setVolume track=0 val=1,180000
[02:07:12.779] [DEBUG] [BRIDGE] nativeSetVolume resolved: null
[02:07:12.779] [DEBUG] [MIX] Fader 0 = 1.06
[02:07:12.779] [DEBUG] [BRIDGE] nativeSetVolume(0;1.06)
[02:07:12.779] [DEBUG] [BRIDGE] nativeSetVolume resolved: null
[02:07:12.779] [DEBUG] [MIX] Fader 0 = 1.13
[02:07:12.779] [DEBUG] [BRIDGE] nativeSetVolume(0;1.13)
[02:07:12.779] [DEBUG] [BRIDGE] nativeSetVolume resolved: null
[02:07:12.779] [DEBUG] [MIX] Fader 0 = 1.18
[02:07:12.779] [DEBUG] [BRIDGE] nativeSetVolume(0;1.18)
[02:07:12.779] [DEBUG] [BRIDGE] nativeSetVolume resolved: null
[02:07:12.801] [MIX] setVolume track=0 val=1,220000
[02:07:12.810] [MIX] setVolume track=0 val=1,300000
[02:07:12.813] [DEBUG] [MIX] Fader 0 = 1.22
[02:07:12.813] [DEBUG] [BRIDGE] nativeSetVolume(0;1.22)
[02:07:12.813] [DEBUG] [BRIDGE] nativeSetVolume resolved: null
[02:07:12.813] [DEBUG] [MIX] Fader 0 = 1.3
[02:07:12.813] [DEBUG] [BRIDGE] nativeSetVolume(0;1.3)
[02:07:12.813] [DEBUG] [BRIDGE] nativeSetVolume resolved: null
[02:07:12.827] [MIX] setVolume track=0 val=1,360000
[02:07:12.843] [MIX] setVolume track=0 val=1,400000
[02:07:12.859] [MIX] setVolume track=0 val=1,440000
[02:07:12.876] [DEBUG] [MIX] Fader 0 = 1.36
[02:07:12.876] [DEBUG] [BRIDGE] nativeSetVolume(0;1.36)
[02:07:12.876] [DEBUG] [BRIDGE] nativeSetVolume resolved: null
[02:07:12.876] [DEBUG] [MIX] Fader 0 = 1.4
[02:07:12.876] [DEBUG] [BRIDGE] nativeSetVolume(0;1.4)
[02:07:12.876] [DEBUG] [BRIDGE] nativeSetVolume resolved: null
[02:07:12.876] [DEBUG] [MIX] Fader 0 = 1.44
[02:07:12.876] [DEBUG] [BRIDGE] nativeSetVolume(0;1.44)
[02:07:12.876] [DEBUG] [BRIDGE] nativeSetVolume resolved: null
[02:07:12.876] [DEBUG] [MIX] Fader 0 = 1.46
[02:07:12.876] [MIX] setVolume track=0 val=1,460000
[02:07:12.893] [MIX] setVolume track=0 val=1,500000
[02:07:13.819] [DEBUG] [BRIDGE] nativeSetVolume(0;1.46)
[02:07:13.819] [DEBUG] [BRIDGE] nativeSetVolume resolved: null
[02:07:13.819] [DEBUG] [MIX] Fader 0 = 1.5
[02:07:13.819] [DEBUG] [BRIDGE] nativeSetVolume(0;1.5)
[02:07:13.819] [DEBUG] [BRIDGE] nativeSetVolume resolved: null
[02:07:15.936] [PLUGIN] remove track=0 plugin=1
[02:07:16.836] [DEBUG] [BRIDGE] nativePluginRemove(0;1)
[02:07:16.836] [DEBUG] [BRIDGE] nativePluginList(0)
[02:07:16.836] [DEBUG] [BRIDGE] nativePluginRemove resolved: null
[02:07:16.836] [DEBUG] [BRIDGE] nativePluginList resolved: [{\"name\":\"com.zamaudio.ZaMultiComp\";\"bypassed\":false}]
[02:07:17.264] [PLUGIN] remove track=0 plugin=0
[02:07:17.840] [DEBUG] [BRIDGE] nativePluginRemove(0;0)
[02:07:17.840] [DEBUG] [BRIDGE] nativePluginList(0)
[02:07:17.840] [DEBUG] [BRIDGE] nativePluginRemove resolved: null
[02:07:17.840] [DEBUG] [BRIDGE] nativePluginList resolved: []
[02:07:18.890] [MIX] setVolume track=0 val=1,000000
[02:07:19.850] [DEBUG] [MIX] Fader 0 = 1
[02:07:19.850] [DEBUG] [BRIDGE] nativeSetVolume(0;1)
[02:07:19.850] [DEBUG] [BRIDGE] nativeSetVolume resolved: null
[02:07:20.816] [SYS] Window closed, shutting down...
[02:07:20.838] [DBG] uiUpdateLoop: exiting
[02:07:20.847] [SYS] === Hydraw DAW shutdown complete ===
=== Hydraw DAW log ended ===
