=== Hydraw DAW log started at 2026-06-14_02-09-00 ===
[02:09:00.713] [SYS] === Hydraw DAW starting ===
[02:09:00.787] [SYS] Audio engine initialized and started
[02:09:00.891] [SYS] Native drop interceptor registered
[02:09:00.891] [SYS] All 26 native bindings registered
[02:09:00.892] [SYS] Navigated to /home/jp/Escritorio/Proyectos/DAW/assets/index.html
[02:09:00.892] [SYS] Entering webview main loop
[02:09:00.921] [DBG] uiUpdateLoop: waiting for pageReady...
[02:09:00.985] [DND] decide-policy NAVIGATION for URI: file:///home/jp/Escritorio/Proyectos/DAW/assets/index.html
[02:09:01.105] [SYS] pageReady signal received
[02:09:01.534] [DIR] getCwd -> /home/jp/Escritorio/Proyectos/DAW
[02:09:01.598] [INFO] [SYS] Hydraw DAW UI loaded; waiting for native telemetry...
[02:09:01.598] [INFO] [LOOP] First telemetry received — rendering tracks & mixer
[02:09:01.598] [DEBUG] [UI] renderTrackList: 1 tracks
[02:09:01.598] [DEBUG] [UI] renderMixerChannels: 1 channels
[02:09:01.598] [INFO] [LOOP] Initializing browser...
[02:09:01.598] [INFO] [BROWSER] initBrowser: getting CWD...
[02:09:01.598] [DEBUG] [BRIDGE] nativeGetCwd()
[02:09:01.598] [DEBUG] [BRIDGE] nativeGetCwd resolved: \"/home/jp/Escritorio/Proyectos/DAW\"
[02:09:01.598] [INFO] [BROWSER] CWD = \"/home/jp/Escritorio/Proyectos/DAW\" (type=string)
[02:09:01.598] [INFO] [BROWSER] Loading directory: /home/jp/Escritorio/Proyectos/DAW
[02:09:01.598] [DIR] listDir '/home/jp/Escritorio/Proyectos/DAW' -> 21 entries
[02:09:02.104] [DEBUG] [BRIDGE] nativeListDir(/home/jp/Escritorio/Proyectos/DAW)
[02:09:02.105] [DEBUG] [BRIDGE] nativeListDir resolved: [{\"name\":\"contrib\";\"dir\":true;\"ext\":\"\"};{\"name\":\"extern\";\"dir\":true;\"ext\":\"\"};{\"name\":\"src\";\"dir\":true;\"ext\":\"\"};{\"name\"
[02:09:02.105] [INFO] [BROWSER] Loaded 21 entries from /home/jp/Escritorio/Proyectos/DAW
[02:09:03.656] [PLUGIN] scanClap done
[02:09:04.107] [DEBUG] [BRIDGE] nativeScanClap(./plugins)
[02:09:04.107] [DEBUG] [BRIDGE] nativeScanClap resolved: [{\"path\":\"/usr/lib/clap/ZaMaximX2.clap\";\"id\":\"com.zamaudio.ZaMaximX2\";\"name\":\"ZaMaximX2\"};{\"path\":\"/usr/lib/clap/ZamDyna
[02:09:05.691] [PLUGIN] load track=0 lib=/usr/lib/clap/ZamDynamicEQ.clap id=com.zamaudio.ZamDynamicEQ
[02:09:05.692] [PLUGIN] load -> OK
[02:09:05.692] [PLUGIN] load -> OK
[02:09:06.107] [INFO] [PLUGIN] Loading plugin: com.zamaudio.ZamDynamicEQ from /usr/lib/clap/ZamDynamicEQ.clap
[02:09:06.107] [DEBUG] [BRIDGE] nativePluginLoad(0;/usr/lib/clap/ZamDynamicEQ.clap;com.zamaudio.ZamDynamicEQ)
[02:09:06.107] [DEBUG] [BRIDGE] nativePluginList(0)
[02:09:06.107] [DEBUG] [BRIDGE] nativePluginLoad resolved: true
[02:09:06.107] [DEBUG] [BRIDGE] nativePluginList resolved: [{\"name\":\"com.zamaudio.ZamDynamicEQ\";\"bypassed\":false}]
[02:09:06.849] [PLUGIN] remove track=0 plugin=0
[02:09:07.108] [DEBUG] [BRIDGE] nativePluginRemove(0;0)
[02:09:07.108] [DEBUG] [BRIDGE] nativePluginList(0)
[02:09:07.108] [DEBUG] [BRIDGE] nativePluginRemove resolved: null
[02:09:07.108] [DEBUG] [BRIDGE] nativePluginList resolved: []
[02:09:07.364] [PLUGIN] scanClap done
[02:09:08.112] [DEBUG] [BRIDGE] nativeScanClap(./plugins)
[02:09:08.112] [DEBUG] [BRIDGE] nativeScanClap resolved: [{\"path\":\"/usr/lib/clap/ZaMaximX2.clap\";\"id\":\"com.zamaudio.ZaMaximX2\";\"name\":\"ZaMaximX2\"};{\"path\":\"/usr/lib/clap/ZamDyna
